This file contains any messages produced by compilers while
running configure, to aid debugging if configure makes a mistake.

It was created by libbson configure 1.7.0, which was
generated by GNU Autoconf 2.69.  Invocation command line was

  $ ./configure 

## --------- ##
## Platform. ##
## --------- ##

hostname = MacBook-Air-de-Emiliano-4.local
uname -m = x86_64
uname -r = 18.6.0
uname -s = Darwin
uname -v = Darwin Kernel Version 18.6.0: Thu Apr 25 23:16:27 PDT 2019; root:xnu-4903.261.4~2/RELEASE_X86_64

/usr/bin/uname -p = i386
/bin/uname -X     = unknown

/bin/arch              = unknown
/usr/bin/arch -k       = unknown
/usr/convex/getsysinfo = unknown
/usr/bin/hostinfo      = Mach kernel version:
	 Darwin Kernel Version 18.6.0: Thu Apr 25 23:16:27 PDT 2019; root:xnu-4903.261.4~2/RELEASE_X86_64
Kernel configured for up to 4 processors.
2 processors are physically available.
4 processors are logically available.
Processor type: x86_64h (Intel x86-64h Haswell)
Processors active: 0 1 2 3
Primary memory available: 8.00 gigabytes
Default processor set: 496 tasks, 2723 threads, 4 processors
Load average: 6.03, Mach factor: 0.73
/bin/machine           = unknown
/usr/bin/oslevel       = unknown
/bin/universe          = unknown

PATH: /usr/local/opt/mysql@5.7/bin
PATH: /Library/Frameworks/Python.framework/Versions/3.7/bin
PATH: /opt/local/bin
PATH: /opt/local/sbin
PATH: /usr/local/bin
PATH: /usr/bin
PATH: /bin
PATH: /usr/sbin
PATH: /sbin
PATH: /usr/local/share/dotnet
PATH: ~/.dotnet/tools
PATH: /Library/Frameworks/Mono.framework/Versions/Current/Commands
PATH: /usr/local/mongodb/bin
PATH: /Users/peredo/.rvm/bin


## ----------- ##
## Core tests. ##
## ----------- ##

configure:2459: Current version (from VERSION_CURRENT file): 1.7.0
configure:2570: checking for gcc
configure:2586: found /usr/bin/gcc
configure:2597: result: gcc
configure:2826: checking for C compiler version
configure:2835: gcc --version >&5
Apple LLVM version 10.0.1 (clang-1001.0.46.4)
Target: x86_64-apple-darwin18.6.0
Thread model: posix
InstalledDir: /Library/Developer/CommandLineTools/usr/bin
Configured with: --prefix=/Library/Developer/CommandLineTools/usr --with-gxx-include-dir=/Library/Developer/CommandLineTools/SDKs/MacOSX10.14.sdk/usr/include/c++/4.2.1
configure:2846: $? = 0
configure:2835: gcc -v >&5
Configured with: --prefix=/Library/Developer/CommandLineTools/usr --with-gxx-include-dir=/Library/Developer/CommandLineTools/SDKs/MacOSX10.14.sdk/usr/include/c++/4.2.1
Apple LLVM version 10.0.1 (clang-1001.0.46.4)
Target: x86_64-apple-darwin18.6.0
Thread model: posix
InstalledDir: /Library/Developer/CommandLineTools/usr/bin
configure:2846: $? = 0
configure:2835: gcc -V >&5
clang: error: unsupported option '-V -Wno-atomic-implicit-seq-cst'
clang: error: no input files
configure:2846: $? = 1
configure:2835: gcc -qversion >&5
clang: error: unknown argument '-qversion', did you mean '--version'?
clang: error: no input files
configure:2846: $? = 1
configure:2866: checking whether the C compiler works
configure:2888: gcc    conftest.c  >&5
configure:2892: $? = 0
configure:2940: result: yes
configure:2943: checking for C compiler default output file name
configure:2945: result: a.out
configure:2951: checking for suffix of executables
configure:2958: gcc -o conftest    conftest.c  >&5
configure:2962: $? = 0
configure:2984: result: 
configure:3006: checking whether we are cross compiling
configure:3014: gcc -o conftest    conftest.c  >&5
configure:3018: $? = 0
configure:3025: ./conftest
configure:3029: $? = 0
configure:3044: result: no
configure:3049: checking for suffix of object files
configure:3071: gcc -c   conftest.c >&5
configure:3075: $? = 0
configure:3096: result: o
configure:3100: checking whether we are using the GNU C compiler
configure:3119: gcc -c   conftest.c >&5
configure:3119: $? = 0
configure:3128: result: yes
configure:3137: checking whether gcc accepts -g
configure:3157: gcc -c -g  conftest.c >&5
configure:3157: $? = 0
configure:3198: result: yes
configure:3215: checking for gcc option to accept ISO C89
configure:3278: gcc  -c   conftest.c >&5
configure:3278: $? = 0
configure:3291: result: none needed
configure:3319: checking whether gcc understands -c and -o together
configure:3341: gcc -c conftest.c -o conftest2.o
configure:3344: $? = 0
configure:3341: gcc -c conftest.c -o conftest2.o
configure:3344: $? = 0
configure:3356: result: yes
configure:3431: checking for g++
configure:3447: found /usr/bin/g++
configure:3458: result: g++
configure:3485: checking for C++ compiler version
configure:3494: g++ --version >&5
Apple LLVM version 10.0.1 (clang-1001.0.46.4)
Target: x86_64-apple-darwin18.6.0
Thread model: posix
InstalledDir: /Library/Developer/CommandLineTools/usr/bin
Configured with: --prefix=/Library/Developer/CommandLineTools/usr --with-gxx-include-dir=/Library/Developer/CommandLineTools/SDKs/MacOSX10.14.sdk/usr/include/c++/4.2.1
configure:3505: $? = 0
configure:3494: g++ -v >&5
Configured with: --prefix=/Library/Developer/CommandLineTools/usr --with-gxx-include-dir=/Library/Developer/CommandLineTools/SDKs/MacOSX10.14.sdk/usr/include/c++/4.2.1
Apple LLVM version 10.0.1 (clang-1001.0.46.4)
Target: x86_64-apple-darwin18.6.0
Thread model: posix
InstalledDir: /Library/Developer/CommandLineTools/usr/bin
configure:3505: $? = 0
configure:3494: g++ -V >&5
clang: error: unsupported option '-V -Wno-atomic-implicit-seq-cst'
clang: error: no input files
configure:3505: $? = 1
configure:3494: g++ -qversion >&5
clang: error: unknown argument '-qversion', did you mean '--version'?
clang: error: no input files
configure:3505: $? = 1
configure:3509: checking whether we are using the GNU C++ compiler
configure:3528: g++ -c   conftest.cpp >&5
configure:3528: $? = 0
configure:3537: result: yes
configure:3546: checking whether g++ accepts -g
configure:3566: g++ -c -g  conftest.cpp >&5
configure:3566: $? = 0
configure:3607: result: yes
configure:3663: gcc -c   conftest.c >&5
conftest.c:11:2: error: Not a supported GCC compiler
#error Not a supported GCC compiler
 ^
1 error generated.
configure:3663: $? = 1
configure: failed program was:
| /* confdefs.h */
| #define PACKAGE_NAME "libbson"
| #define PACKAGE_TARNAME "libbson"
| #define PACKAGE_VERSION "1.7.0"
| #define PACKAGE_STRING "libbson 1.7.0"
| #define PACKAGE_BUGREPORT "https://jira.mongodb.org/browse/CDRIVER"
| #define PACKAGE_URL ""
| /* end confdefs.h.  */
| 
| #if !(defined(__GNUC__) && !defined(__clang__) && !defined(__INTEL_COMPILER))
| #error Not a supported GCC compiler
| #endif
| #if defined(__GNUC__)
| #define GCC_VERSION (__GNUC__ * 10000                      + __GNUC_MINOR__ * 100                      + __GNUC_PATCHLEVEL__)
| #if GCC_VERSION < 40100
| #error Not a supported GCC compiler
| #endif
| #endif
| 
| int
| main ()
| {
| 
|   ;
|   return 0;
| }
configure:3691: gcc -c   conftest.c >&5
configure:3691: $? = 0
configure:3717: gcc -c   conftest.c >&5
configure:3717: $? = 0
configure:3736: gcc -c   conftest.c >&5
conftest.c:11:2: error: Not a supported Sun compiler
#error Not a supported Sun compiler
 ^
1 error generated.
configure:3736: $? = 1
configure: failed program was:
| /* confdefs.h */
| #define PACKAGE_NAME "libbson"
| #define PACKAGE_TARNAME "libbson"
| #define PACKAGE_VERSION "1.7.0"
| #define PACKAGE_STRING "libbson 1.7.0"
| #define PACKAGE_BUGREPORT "https://jira.mongodb.org/browse/CDRIVER"
| #define PACKAGE_URL ""
| /* end confdefs.h.  */
| 
| #if !(defined(__SUNPRO_C))
| #error Not a supported Sun compiler
| #endif
| 
| int
| main ()
| {
| 
|   ;
|   return 0;
| }
configure:3769: gcc -c   conftest.c >&5
conftest.c:10:10: fatal error: 'features.h' file not found
#include <features.h>
         ^~~~~~~~~~~~
1 error generated.
configure:3769: $? = 1
configure: failed program was:
| /* confdefs.h */
| #define PACKAGE_NAME "libbson"
| #define PACKAGE_TARNAME "libbson"
| #define PACKAGE_VERSION "1.7.0"
| #define PACKAGE_STRING "libbson 1.7.0"
| #define PACKAGE_BUGREPORT "https://jira.mongodb.org/browse/CDRIVER"
| #define PACKAGE_URL ""
| /* end confdefs.h.  */
| 
| #include <features.h>
| #ifndef __GLIBC__
| #error not glibc
| #endif
| 
| int
| main ()
| {
| 
|   ;
|   return 0;
| }
configure:3777: checking for an ANSI C-conforming const
configure:3843: gcc -c   conftest.c >&5
configure:3843: $? = 0
configure:3850: result: yes
configure:3858: checking for inline
configure:3874: gcc -c   conftest.c >&5
configure:3874: $? = 0
configure:3882: result: inline
configure:3901: checking for typeof syntax and keyword spelling
configure:3932: gcc -c   conftest.c >&5
configure:3932: $? = 0
configure:3939: result: typeof
configure:3960: checking how to run the C preprocessor
configure:3991: gcc -E  conftest.c
configure:3991: $? = 0
configure:4005: gcc -E  conftest.c
conftest.c:10:10: fatal error: 'ac_nonexistent.h' file not found
#include <ac_nonexistent.h>
         ^~~~~~~~~~~~~~~~~~
1 error generated.
configure:4005: $? = 1
configure: failed program was:
| /* confdefs.h */
| #define PACKAGE_NAME "libbson"
| #define PACKAGE_TARNAME "libbson"
| #define PACKAGE_VERSION "1.7.0"
| #define PACKAGE_STRING "libbson 1.7.0"
| #define PACKAGE_BUGREPORT "https://jira.mongodb.org/browse/CDRIVER"
| #define PACKAGE_URL ""
| #define HAVE_TYPEOF 1
| /* end confdefs.h.  */
| #include <ac_nonexistent.h>
configure:4030: result: gcc -E
configure:4050: gcc -E  conftest.c
configure:4050: $? = 0
configure:4064: gcc -E  conftest.c
conftest.c:10:10: fatal error: 'ac_nonexistent.h' file not found
#include <ac_nonexistent.h>
         ^~~~~~~~~~~~~~~~~~
1 error generated.
configure:4064: $? = 1
configure: failed program was:
| /* confdefs.h */
| #define PACKAGE_NAME "libbson"
| #define PACKAGE_TARNAME "libbson"
| #define PACKAGE_VERSION "1.7.0"
| #define PACKAGE_STRING "libbson 1.7.0"
| #define PACKAGE_BUGREPORT "https://jira.mongodb.org/browse/CDRIVER"
| #define PACKAGE_URL ""
| #define HAVE_TYPEOF 1
| /* end confdefs.h.  */
| #include <ac_nonexistent.h>
configure:4093: checking for grep that handles long lines and -e
configure:4151: result: /usr/bin/grep
configure:4156: checking for egrep
configure:4218: result: /usr/bin/grep -E
configure:4223: checking for ANSI C header files
configure:4243: gcc -c   conftest.c >&5
configure:4243: $? = 0
configure:4316: gcc -o conftest    conftest.c  >&5
configure:4316: $? = 0
configure:4316: ./conftest
configure:4316: $? = 0
configure:4327: result: yes
configure:4340: checking for sys/types.h
configure:4340: gcc -c   conftest.c >&5
configure:4340: $? = 0
configure:4340: result: yes
configure:4340: checking for sys/stat.h
configure:4340: gcc -c   conftest.c >&5
configure:4340: $? = 0
configure:4340: result: yes
configure:4340: checking for stdlib.h
configure:4340: gcc -c   conftest.c >&5
configure:4340: $? = 0
configure:4340: result: yes
configure:4340: checking for string.h
configure:4340: gcc -c   conftest.c >&5
configure:4340: $? = 0
configure:4340: result: yes
configure:4340: checking for memory.h
configure:4340: gcc -c   conftest.c >&5
configure:4340: $? = 0
configure:4340: result: yes
configure:4340: checking for strings.h
configure:4340: gcc -c   conftest.c >&5
configure:4340: $? = 0
configure:4340: result: yes
configure:4340: checking for inttypes.h
configure:4340: gcc -c   conftest.c >&5
configure:4340: $? = 0
configure:4340: result: yes
configure:4340: checking for stdint.h
configure:4340: gcc -c   conftest.c >&5
configure:4340: $? = 0
configure:4340: result: yes
configure:4340: checking for unistd.h
configure:4340: gcc -c   conftest.c >&5
configure:4340: $? = 0
configure:4340: result: yes
configure:4352: checking for stdbool.h that conforms to C99
configure:4419: gcc -c   conftest.c >&5
conftest.c:69:24: warning: address of 's' will always evaluate to 'true' [-Wpointer-bool-conversion]
             bool e = &s;
                  ~    ^
conftest.c:73:23: warning: address of array 'a' will always evaluate to 'true' [-Wpointer-bool-conversion]
             return (!a + !b + !c + !d + !e + !f + !g + !h + !i + !!j + !k + !!l
                     ~^
conftest.c:73:28: warning: address of array 'b' will always evaluate to 'true' [-Wpointer-bool-conversion]
             return (!a + !b + !c + !d + !e + !f + !g + !h + !i + !!j + !k + !!l
                          ~^
conftest.c:73:33: warning: address of array 'c' will always evaluate to 'true' [-Wpointer-bool-conversion]
             return (!a + !b + !c + !d + !e + !f + !g + !h + !i + !!j + !k + !!l
                               ~^
conftest.c:73:38: warning: address of array 'd' will always evaluate to 'true' [-Wpointer-bool-conversion]
             return (!a + !b + !c + !d + !e + !f + !g + !h + !i + !!j + !k + !!l
                                    ~^
conftest.c:73:48: warning: address of array 'f' will always evaluate to 'true' [-Wpointer-bool-conversion]
             return (!a + !b + !c + !d + !e + !f + !g + !h + !i + !!j + !k + !!l
                                              ~^
conftest.c:73:53: warning: address of array 'g' will always evaluate to 'true' [-Wpointer-bool-conversion]
             return (!a + !b + !c + !d + !e + !f + !g + !h + !i + !!j + !k + !!l
                                                   ~^
conftest.c:73:58: warning: address of array 'h' will always evaluate to 'true' [-Wpointer-bool-conversion]
             return (!a + !b + !c + !d + !e + !f + !g + !h + !i + !!j + !k + !!l
                                                        ~^
conftest.c:73:63: warning: address of array 'i' will always evaluate to 'true' [-Wpointer-bool-conversion]
             return (!a + !b + !c + !d + !e + !f + !g + !h + !i + !!j + !k + !!l
                                                             ~^
conftest.c:74:30: warning: address of array 'n' will always evaluate to 'true' [-Wpointer-bool-conversion]
                            ~^
conftest.c:74:35: warning: address of array 'o' will always evaluate to 'true' [-Wpointer-bool-conversion]
                                 ~^
conftest.c:74:40: warning: address of array 'p' will always evaluate to 'true' [-Wpointer-bool-conversion]
                                      ~^
12 warnings generated.
configure:4419: $? = 0
configure:4426: result: yes
configure:4428: checking for _Bool
configure:4428: gcc -c   conftest.c >&5
configure:4428: $? = 0
configure:4428: gcc -c   conftest.c >&5
conftest.c:56:20: error: expected expression
if (sizeof ((_Bool)))
                   ^
1 error generated.
configure:4428: $? = 1
configure: failed program was:
| /* confdefs.h */
| #define PACKAGE_NAME "libbson"
| #define PACKAGE_TARNAME "libbson"
| #define PACKAGE_VERSION "1.7.0"
| #define PACKAGE_STRING "libbson 1.7.0"
| #define PACKAGE_BUGREPORT "https://jira.mongodb.org/browse/CDRIVER"
| #define PACKAGE_URL ""
| #define HAVE_TYPEOF 1
| #define STDC_HEADERS 1
| #define HAVE_SYS_TYPES_H 1
| #define HAVE_SYS_STAT_H 1
| #define HAVE_STDLIB_H 1
| #define HAVE_STRING_H 1
| #define HAVE_MEMORY_H 1
| #define HAVE_STRINGS_H 1
| #define HAVE_INTTYPES_H 1
| #define HAVE_STDINT_H 1
| #define HAVE_UNISTD_H 1
| /* end confdefs.h.  */
| #include <stdio.h>
| #ifdef HAVE_SYS_TYPES_H
| # include <sys/types.h>
| #endif
| #ifdef HAVE_SYS_STAT_H
| # include <sys/stat.h>
| #endif
| #ifdef STDC_HEADERS
| # include <stdlib.h>
| # include <stddef.h>
| #else
| # ifdef HAVE_STDLIB_H
| #  include <stdlib.h>
| # endif
| #endif
| #ifdef HAVE_STRING_H
| # if !defined STDC_HEADERS && defined HAVE_MEMORY_H
| #  include <memory.h>
| # endif
| # include <string.h>
| #endif
| #ifdef HAVE_STRINGS_H
| # include <strings.h>
| #endif
| #ifdef HAVE_INTTYPES_H
| # include <inttypes.h>
| #endif
| #ifdef HAVE_STDINT_H
| # include <stdint.h>
| #endif
| #ifdef HAVE_UNISTD_H
| # include <unistd.h>
| #endif
| int
| main ()
| {
| if (sizeof ((_Bool)))
| 	    return 0;
|   ;
|   return 0;
| }
configure:4428: result: yes
configure:4453: checking for stdint-types....
configure:4463: result: "(putting them into src/bson/bson-stdint.h)"
configure:4477: checking for uintptr_t
configure:4477: gcc -c   conftest.c >&5
configure:4477: $? = 0
configure:4477: gcc -c   conftest.c >&5
conftest.c:27:24: error: expected expression
if (sizeof ((uintptr_t)))
                       ^
1 error generated.
configure:4477: $? = 1
configure: failed program was:
| /* confdefs.h */
| #define PACKAGE_NAME "libbson"
| #define PACKAGE_TARNAME "libbson"
| #define PACKAGE_VERSION "1.7.0"
| #define PACKAGE_STRING "libbson 1.7.0"
| #define PACKAGE_BUGREPORT "https://jira.mongodb.org/browse/CDRIVER"
| #define PACKAGE_URL ""
| #define HAVE_TYPEOF 1
| #define STDC_HEADERS 1
| #define HAVE_SYS_TYPES_H 1
| #define HAVE_SYS_STAT_H 1
| #define HAVE_STDLIB_H 1
| #define HAVE_STRING_H 1
| #define HAVE_MEMORY_H 1
| #define HAVE_STRINGS_H 1
| #define HAVE_INTTYPES_H 1
| #define HAVE_STDINT_H 1
| #define HAVE_UNISTD_H 1
| #define HAVE__BOOL 1
| #define HAVE_STDBOOL_H 1
| /* end confdefs.h.  */
| #include <stdint.h>
| 
| int
| main ()
| {
| if (sizeof ((uintptr_t)))
| 	    return 0;
|   ;
|   return 0;
| }
configure:4477: result: yes
configure:4485: checking for uint64_t
configure:4485: gcc -c   conftest.c >&5
configure:4485: $? = 0
configure:4485: gcc -c   conftest.c >&5
conftest.c:27:23: error: expected expression
if (sizeof ((uint64_t)))
                      ^
1 error generated.
configure:4485: $? = 1
configure: failed program was:
| /* confdefs.h */
| #define PACKAGE_NAME "libbson"
| #define PACKAGE_TARNAME "libbson"
| #define PACKAGE_VERSION "1.7.0"
| #define PACKAGE_STRING "libbson 1.7.0"
| #define PACKAGE_BUGREPORT "https://jira.mongodb.org/browse/CDRIVER"
| #define PACKAGE_URL ""
| #define HAVE_TYPEOF 1
| #define STDC_HEADERS 1
| #define HAVE_SYS_TYPES_H 1
| #define HAVE_SYS_STAT_H 1
| #define HAVE_STDLIB_H 1
| #define HAVE_STRING_H 1
| #define HAVE_MEMORY_H 1
| #define HAVE_STRINGS_H 1
| #define HAVE_INTTYPES_H 1
| #define HAVE_STDINT_H 1
| #define HAVE_UNISTD_H 1
| #define HAVE__BOOL 1
| #define HAVE_STDBOOL_H 1
| /* end confdefs.h.  */
| #include<stdint.h>
| 
| int
| main ()
| {
| if (sizeof ((uint64_t)))
| 	    return 0;
|   ;
|   return 0;
| }
configure:4485: result: yes
configure:4493: result: ... seen our uintptr_t in stdint.h (uint64_t too)
configure:4758: result: creating src/bson/bson-stdint.h : _SRC_BSON_BSON_STDINT_H
configure:4785: checking for int_least32_t
configure:4785: gcc -c   conftest.c >&5
configure:4785: $? = 0
configure:4785: gcc -c   conftest.c >&5
conftest.c:27:28: error: expected expression
if (sizeof ((int_least32_t)))
                           ^
1 error generated.
configure:4785: $? = 1
configure: failed program was:
| /* confdefs.h */
| #define PACKAGE_NAME "libbson"
| #define PACKAGE_TARNAME "libbson"
| #define PACKAGE_VERSION "1.7.0"
| #define PACKAGE_STRING "libbson 1.7.0"
| #define PACKAGE_BUGREPORT "https://jira.mongodb.org/browse/CDRIVER"
| #define PACKAGE_URL ""
| #define HAVE_TYPEOF 1
| #define STDC_HEADERS 1
| #define HAVE_SYS_TYPES_H 1
| #define HAVE_SYS_STAT_H 1
| #define HAVE_STDLIB_H 1
| #define HAVE_STRING_H 1
| #define HAVE_MEMORY_H 1
| #define HAVE_STRINGS_H 1
| #define HAVE_INTTYPES_H 1
| #define HAVE_STDINT_H 1
| #define HAVE_UNISTD_H 1
| #define HAVE__BOOL 1
| #define HAVE_STDBOOL_H 1
| /* end confdefs.h.  */
| #include <stdint.h>
| 
| int
| main ()
| {
| if (sizeof ((int_least32_t)))
| 	    return 0;
|   ;
|   return 0;
| }
configure:4785: result: yes
configure:4791: checking for int_fast32_t
configure:4791: gcc -c   conftest.c >&5
configure:4791: $? = 0
configure:4791: gcc -c   conftest.c >&5
conftest.c:27:27: error: expected expression
if (sizeof ((int_fast32_t)))
                          ^
1 error generated.
configure:4791: $? = 1
configure: failed program was:
| /* confdefs.h */
| #define PACKAGE_NAME "libbson"
| #define PACKAGE_TARNAME "libbson"
| #define PACKAGE_VERSION "1.7.0"
| #define PACKAGE_STRING "libbson 1.7.0"
| #define PACKAGE_BUGREPORT "https://jira.mongodb.org/browse/CDRIVER"
| #define PACKAGE_URL ""
| #define HAVE_TYPEOF 1
| #define STDC_HEADERS 1
| #define HAVE_SYS_TYPES_H 1
| #define HAVE_SYS_STAT_H 1
| #define HAVE_STDLIB_H 1
| #define HAVE_STRING_H 1
| #define HAVE_MEMORY_H 1
| #define HAVE_STRINGS_H 1
| #define HAVE_INTTYPES_H 1
| #define HAVE_STDINT_H 1
| #define HAVE_UNISTD_H 1
| #define HAVE__BOOL 1
| #define HAVE_STDBOOL_H 1
| /* end confdefs.h.  */
| #include<stdint.h>
| 
| int
| main ()
| {
| if (sizeof ((int_fast32_t)))
| 	    return 0;
|   ;
|   return 0;
| }
configure:4791: result: yes
configure:4804: result: ..adding include stdint.h
configure:4814: result: ... seen good stdint.h inttypes
configure:4950: result: ... seen good uint64_t
configure:5170: result: ... DONE src/bson/bson-stdint.h
configure:5186: checking for strings.h
configure:5186: result: yes
configure:5203: checking for perl
configure:5221: found /usr/bin/perl
configure:5233: result: /usr/bin/perl
configure:5247: checking for mv
configure:5265: found /bin/mv
configure:5277: result: /bin/mv
configure:5291: checking for grep
configure:5321: result: /usr/bin/grep
configure:5336: checking for sphinx-build
configure:5369: result: no
configure:5389: checking for a BSD-compatible install
configure:5457: result: /usr/bin/install -c
configure:5473: checking build system type
configure:5487: result: x86_64-apple-darwin18.6.0
configure:5507: checking host system type
configure:5520: result: x86_64-apple-darwin18.6.0
configure:5586: checking target system type
configure:5599: result: x86_64-apple-darwin18.6.0
configure:5658: checking whether byte ordering is bigendian
configure:5673: gcc -c   conftest.c >&5
configure:5673: $? = 0
configure:5718: gcc -c   conftest.c >&5
configure:5718: $? = 0
configure:5736: gcc -c   conftest.c >&5
conftest.c:30:4: error: use of undeclared identifier 'not'
                 not big endian
                 ^
1 error generated.
configure:5736: $? = 1
configure: failed program was:
| /* confdefs.h */
| #define PACKAGE_NAME "libbson"
| #define PACKAGE_TARNAME "libbson"
| #define PACKAGE_VERSION "1.7.0"
| #define PACKAGE_STRING "libbson 1.7.0"
| #define PACKAGE_BUGREPORT "https://jira.mongodb.org/browse/CDRIVER"
| #define PACKAGE_URL ""
| #define HAVE_TYPEOF 1
| #define STDC_HEADERS 1
| #define HAVE_SYS_TYPES_H 1
| #define HAVE_SYS_STAT_H 1
| #define HAVE_STDLIB_H 1
| #define HAVE_STRING_H 1
| #define HAVE_MEMORY_H 1
| #define HAVE_STRINGS_H 1
| #define HAVE_INTTYPES_H 1
| #define HAVE_STDINT_H 1
| #define HAVE_UNISTD_H 1
| #define HAVE__BOOL 1
| #define HAVE_STDBOOL_H 1
| #define HAVE_STRINGS_H 1
| /* end confdefs.h.  */
| #include <sys/types.h>
| 		#include <sys/param.h>
| 
| int
| main ()
| {
| #if BYTE_ORDER != BIG_ENDIAN
| 		 not big endian
| 		#endif
| 
|   ;
|   return 0;
| }
configure:5864: result: no
configure:6273: checking how to print strings
configure:6300: result: printf
configure:6321: checking for a sed that does not truncate output
configure:6385: result: /usr/local/bin/gsed
configure:6403: checking for fgrep
configure:6465: result: /usr/bin/grep -F
configure:6500: checking for ld used by gcc
configure:6567: result: /Library/Developer/CommandLineTools/usr/bin/ld
configure:6574: checking if the linker (/Library/Developer/CommandLineTools/usr/bin/ld) is GNU ld
configure:6589: result: no
configure:6601: checking for BSD- or MS-compatible name lister (nm)
configure:6655: result: /usr/bin/nm -B
configure:6785: checking the name lister (/usr/bin/nm -B) interface
configure:6792: gcc -c   conftest.c >&5
configure:6795: /usr/bin/nm -B "conftest.o"
configure:6798: output
0000000000000000 S _some_variable
configure:6805: result: BSD nm
configure:6808: checking whether ln -s works
configure:6812: result: yes
configure:6820: checking the maximum length of command line arguments
configure:6951: result: 196608
configure:6999: checking how to convert x86_64-apple-darwin18.6.0 file names to x86_64-apple-darwin18.6.0 format
configure:7039: result: func_convert_file_noop
configure:7046: checking how to convert x86_64-apple-darwin18.6.0 file names to toolchain format
configure:7066: result: func_convert_file_noop
configure:7073: checking for /Library/Developer/CommandLineTools/usr/bin/ld option to reload object files
configure:7080: result: -r
configure:7154: checking for objdump
configure:7181: result: objdump
configure:7210: checking how to recognize dependent libraries
configure:7410: result: pass_all
configure:7495: checking for dlltool
configure:7522: result: dlltool
configure:7552: checking how to associate runtime and link libraries
configure:7579: result: printf %s\n
configure:7639: checking for ar
configure:7655: found /usr/bin/ar
configure:7666: result: ar
configure:7703: checking for archiver @FILE support
configure:7720: gcc -c   conftest.c >&5
configure:7720: $? = 0
configure:7723: ar cru libconftest.a @conftest.lst >&5
ar: @conftest.lst: No such file or directory
configure:7726: $? = 1
configure:7746: result: no
configure:7804: checking for strip
configure:7820: found /usr/bin/strip
configure:7831: result: strip
configure:7903: checking for ranlib
configure:7919: found /usr/bin/ranlib
configure:7930: result: ranlib
configure:8007: checking for gawk
configure:8037: result: no
configure:8007: checking for mawk
configure:8037: result: no
configure:8007: checking for nawk
configure:8037: result: no
configure:8007: checking for awk
configure:8023: found /usr/bin/awk
configure:8034: result: awk
configure:8074: checking command to parse /usr/bin/nm -B output from gcc object
configure:8227: gcc -c   conftest.c >&5
configure:8230: $? = 0
configure:8234: /usr/bin/nm -B conftest.o \| sed -n -e 's/^.*[ ]\([BCDEGRST][BCDEGRST]*\)[ ][ ]*\([_A-Za-z][_A-Za-z0-9]*\)$/\1 \2 \2/p' | sed '/ __gnu_lto/d' \> conftest.nm
configure:8237: $? = 0
cannot find nm_test_var in conftest.nm
configure:8227: gcc -c   conftest.c >&5
configure:8230: $? = 0
configure:8234: /usr/bin/nm -B conftest.o \| sed -n -e 's/^.*[ ]\([BCDEGRST][BCDEGRST]*\)[ ][ ]*_\([_A-Za-z][_A-Za-z0-9]*\)$/\1 _\2 \2/p' | sed '/ __gnu_lto/d' \> conftest.nm
configure:8237: $? = 0
configure:8303: gcc -o conftest    conftest.c conftstm.o >&5
configure:8306: $? = 0
configure:8344: result: ok
configure:8391: checking for sysroot
configure:8421: result: no
configure:8428: checking for a working dd
configure:8466: result: /bin/dd
configure:8470: checking how to truncate binary pipes
configure:8485: result: /bin/dd bs=4096 count=1
configure:8814: checking for mt
configure:8844: result: no
configure:8864: checking if : is a manifest tool
configure:8870: : '-?'
configure:8878: result: no
configure:8934: checking for dsymutil
configure:8950: found /usr/bin/dsymutil
configure:8961: result: dsymutil
configure:9026: checking for nmedit
configure:9042: found /usr/bin/nmedit
configure:9053: result: nmedit
configure:9118: checking for lipo
configure:9134: found /usr/bin/lipo
configure:9145: result: lipo
configure:9210: checking for otool
configure:9226: found /usr/bin/otool
configure:9237: result: otool
configure:9302: checking for otool64
configure:9332: result: no
configure:9377: checking for -single_module linker flag
gcc   -o libconftest.dylib -dynamiclib -Wl,-single_module conftest.c
configure:9410: result: yes
configure:9413: checking for -exported_symbols_list linker flag
configure:9433: gcc -o conftest    -Wl,-exported_symbols_list,conftest.sym conftest.c  >&5
configure:9433: $? = 0
configure:9443: result: yes
configure:9446: checking for -force_load linker flag
gcc  -c -o conftest.o conftest.c
ar cru libconftest.a conftest.o
ranlib libconftest.a
gcc   -o conftest conftest.c -Wl,-force_load,./libconftest.a
configure:9478: result: yes
configure:9552: checking for dlfcn.h
configure:9552: gcc -c   conftest.c >&5
configure:9552: $? = 0
configure:9552: result: yes
configure:9787: checking for objdir
configure:9802: result: .libs
configure:10066: checking if gcc supports -fno-rtti -fno-exceptions
configure:10084: gcc -c   -fno-rtti -fno-exceptions conftest.c >&5
configure:10088: $? = 0
configure:10101: result: yes
configure:10459: checking for gcc option to produce PIC
configure:10466: result: -fno-common -DPIC
configure:10474: checking if gcc PIC flag -fno-common -DPIC works
configure:10492: gcc -c   -fno-common -DPIC -DPIC conftest.c >&5
configure:10496: $? = 0
configure:10509: result: yes
configure:10538: checking if gcc static flag -static works
configure:10566: result: no
configure:10581: checking if gcc supports -c -o file.o
configure:10602: gcc -c   -o out/conftest2.o conftest.c >&5
configure:10606: $? = 0
configure:10628: result: yes
configure:10636: checking if gcc supports -c -o file.o
configure:10683: result: yes
configure:10716: checking whether the gcc linker (/Library/Developer/CommandLineTools/usr/bin/ld) supports shared libraries
configure:11979: result: yes
configure:12219: checking dynamic linker characteristics
configure:13049: result: darwin18.6.0 dyld
configure:13171: checking how to hardcode library paths into programs
configure:13196: result: immediate
configure:13744: checking whether stripping libraries is possible
configure:13758: result: yes
configure:13784: checking if libtool supports shared libraries
configure:13786: result: yes
configure:13789: checking whether to build shared libraries
configure:13814: result: yes
configure:13817: checking whether to build static libraries
configure:13821: result: no
configure:13844: checking how to run the C++ preprocessor
configure:13871: g++ -E  conftest.cpp
configure:13871: $? = 0
configure:13885: g++ -E  conftest.cpp
conftest.cpp:25:10: fatal error: 'ac_nonexistent.h' file not found
#include <ac_nonexistent.h>
         ^~~~~~~~~~~~~~~~~~
1 error generated.
configure:13885: $? = 1
configure: failed program was:
| /* confdefs.h */
| #define PACKAGE_NAME "libbson"
| #define PACKAGE_TARNAME "libbson"
| #define PACKAGE_VERSION "1.7.0"
| #define PACKAGE_STRING "libbson 1.7.0"
| #define PACKAGE_BUGREPORT "https://jira.mongodb.org/browse/CDRIVER"
| #define PACKAGE_URL ""
| #define HAVE_TYPEOF 1
| #define STDC_HEADERS 1
| #define HAVE_SYS_TYPES_H 1
| #define HAVE_SYS_STAT_H 1
| #define HAVE_STDLIB_H 1
| #define HAVE_STRING_H 1
| #define HAVE_MEMORY_H 1
| #define HAVE_STRINGS_H 1
| #define HAVE_INTTYPES_H 1
| #define HAVE_STDINT_H 1
| #define HAVE_UNISTD_H 1
| #define HAVE__BOOL 1
| #define HAVE_STDBOOL_H 1
| #define HAVE_STRINGS_H 1
| #define HAVE_DLFCN_H 1
| #define LT_OBJDIR ".libs/"
| /* end confdefs.h.  */
| #include <ac_nonexistent.h>
configure:13910: result: g++ -E
configure:13930: g++ -E  conftest.cpp
configure:13930: $? = 0
configure:13944: g++ -E  conftest.cpp
conftest.cpp:25:10: fatal error: 'ac_nonexistent.h' file not found
#include <ac_nonexistent.h>
         ^~~~~~~~~~~~~~~~~~
1 error generated.
configure:13944: $? = 1
configure: failed program was:
| /* confdefs.h */
| #define PACKAGE_NAME "libbson"
| #define PACKAGE_TARNAME "libbson"
| #define PACKAGE_VERSION "1.7.0"
| #define PACKAGE_STRING "libbson 1.7.0"
| #define PACKAGE_BUGREPORT "https://jira.mongodb.org/browse/CDRIVER"
| #define PACKAGE_URL ""
| #define HAVE_TYPEOF 1
| #define STDC_HEADERS 1
| #define HAVE_SYS_TYPES_H 1
| #define HAVE_SYS_STAT_H 1
| #define HAVE_STDLIB_H 1
| #define HAVE_STRING_H 1
| #define HAVE_MEMORY_H 1
| #define HAVE_STRINGS_H 1
| #define HAVE_INTTYPES_H 1
| #define HAVE_STDINT_H 1
| #define HAVE_UNISTD_H 1
| #define HAVE__BOOL 1
| #define HAVE_STDBOOL_H 1
| #define HAVE_STRINGS_H 1
| #define HAVE_DLFCN_H 1
| #define LT_OBJDIR ".libs/"
| /* end confdefs.h.  */
| #include <ac_nonexistent.h>
configure:14106: checking for ld used by g++
configure:14173: result: /Library/Developer/CommandLineTools/usr/bin/ld
configure:14180: checking if the linker (/Library/Developer/CommandLineTools/usr/bin/ld) is GNU ld
configure:14195: result: no
configure:14250: checking whether the g++ linker (/Library/Developer/CommandLineTools/usr/bin/ld) supports shared libraries
configure:15323: result: yes
configure:15359: g++ -c   conftest.cpp >&5
configure:15362: $? = 0
configure:15843: checking for g++ option to produce PIC
configure:15850: result: -fno-common -DPIC
configure:15858: checking if g++ PIC flag -fno-common -DPIC works
configure:15876: g++ -c   -fno-common -DPIC -DPIC conftest.cpp >&5
configure:15880: $? = 0
configure:15893: result: yes
configure:15916: checking if g++ static flag -static works
configure:15944: result: no
configure:15956: checking if g++ supports -c -o file.o
configure:15977: g++ -c   -o out/conftest2.o conftest.cpp >&5
configure:15981: $? = 0
configure:16003: result: yes
configure:16008: checking if g++ supports -c -o file.o
configure:16055: result: yes
configure:16085: checking whether the g++ linker (/Library/Developer/CommandLineTools/usr/bin/ld) supports shared libraries
configure:16128: result: yes
configure:16269: checking dynamic linker characteristics
configure:17026: result: darwin18.6.0 dyld
configure:17091: checking how to hardcode library paths into programs
configure:17116: result: immediate
configure:17180: checking whether to do a debug build
configure:17189: result: no
configure:17192: checking whether to enable optimized builds
configure:17207: result: yes
configure:17210: checking whether to enable extra alignment of types
configure:17219: result: yes
configure:17238: checking whether to enable code coverage support
configure:17247: result: no
configure:17250: checking whether to enable debug symbols
configure:17271: result: no
configure:17319: checking for strnlen
configure:17338: gcc -c   conftest.c >&5
conftest.c:27:5: error: conflicting types for 'strnlen'
int strnlen () { return 0; }
    ^
/Library/Developer/CommandLineTools/SDKs/MacOSX10.14.sdk/usr/include/string.h:133:10: note: previous declaration is here
size_t   strnlen(const char *__s1, size_t __n) __OSX_AVAILABLE_STARTING(__MAC_10_7, __IPHONE_4_3);
         ^
1 error generated.
configure:17338: $? = 1
configure: failed program was:
| /* confdefs.h */
| #define PACKAGE_NAME "libbson"
| #define PACKAGE_TARNAME "libbson"
| #define PACKAGE_VERSION "1.7.0"
| #define PACKAGE_STRING "libbson 1.7.0"
| #define PACKAGE_BUGREPORT "https://jira.mongodb.org/browse/CDRIVER"
| #define PACKAGE_URL ""
| #define HAVE_TYPEOF 1
| #define STDC_HEADERS 1
| #define HAVE_SYS_TYPES_H 1
| #define HAVE_SYS_STAT_H 1
| #define HAVE_STDLIB_H 1
| #define HAVE_STRING_H 1
| #define HAVE_MEMORY_H 1
| #define HAVE_STRINGS_H 1
| #define HAVE_INTTYPES_H 1
| #define HAVE_STDINT_H 1
| #define HAVE_UNISTD_H 1
| #define HAVE__BOOL 1
| #define HAVE_STDBOOL_H 1
| #define HAVE_STRINGS_H 1
| #define HAVE_DLFCN_H 1
| #define LT_OBJDIR ".libs/"
| /* end confdefs.h.  */
| 
| #include <string.h>
| int strnlen () { return 0; }
| 
| int
| main ()
| {
| 
|   ;
|   return 0;
| }
configure:17345: result: yes
configure:17355: checking for reallocf
configure:17374: gcc -c   conftest.c >&5
conftest.c:27:5: error: conflicting types for 'reallocf'
int reallocf () { return 0; }
    ^
/Library/Developer/CommandLineTools/SDKs/MacOSX10.14.sdk/usr/include/stdlib.h:334:7: note: previous declaration is here
void    *reallocf(void *__ptr, size_t __size) __alloc_size(2);
         ^
1 error generated.
configure:17374: $? = 1
configure: failed program was:
| /* confdefs.h */
| #define PACKAGE_NAME "libbson"
| #define PACKAGE_TARNAME "libbson"
| #define PACKAGE_VERSION "1.7.0"
| #define PACKAGE_STRING "libbson 1.7.0"
| #define PACKAGE_BUGREPORT "https://jira.mongodb.org/browse/CDRIVER"
| #define PACKAGE_URL ""
| #define HAVE_TYPEOF 1
| #define STDC_HEADERS 1
| #define HAVE_SYS_TYPES_H 1
| #define HAVE_SYS_STAT_H 1
| #define HAVE_STDLIB_H 1
| #define HAVE_STRING_H 1
| #define HAVE_MEMORY_H 1
| #define HAVE_STRINGS_H 1
| #define HAVE_INTTYPES_H 1
| #define HAVE_STDINT_H 1
| #define HAVE_UNISTD_H 1
| #define HAVE__BOOL 1
| #define HAVE_STDBOOL_H 1
| #define HAVE_STRINGS_H 1
| #define HAVE_DLFCN_H 1
| #define LT_OBJDIR ".libs/"
| /* end confdefs.h.  */
| 
| #include <stdlib.h>
| int reallocf () { return 0; }
| 
| int
| main ()
| {
| 
|   ;
|   return 0;
| }
configure:17381: result: yes
configure:17391: checking for syscall
configure:17411: gcc -c   conftest.c >&5
conftest.c:28:5: error: conflicting types for 'syscall'
int syscall () { return 0; }
    ^
/Library/Developer/CommandLineTools/SDKs/MacOSX10.14.sdk/usr/include/unistd.h:745:6: note: previous declaration is here
int      syscall(int, ...);
         ^
1 error generated.
configure:17411: $? = 1
configure: failed program was:
| /* confdefs.h */
| #define PACKAGE_NAME "libbson"
| #define PACKAGE_TARNAME "libbson"
| #define PACKAGE_VERSION "1.7.0"
| #define PACKAGE_STRING "libbson 1.7.0"
| #define PACKAGE_BUGREPORT "https://jira.mongodb.org/browse/CDRIVER"
| #define PACKAGE_URL ""
| #define HAVE_TYPEOF 1
| #define STDC_HEADERS 1
| #define HAVE_SYS_TYPES_H 1
| #define HAVE_SYS_STAT_H 1
| #define HAVE_STDLIB_H 1
| #define HAVE_STRING_H 1
| #define HAVE_MEMORY_H 1
| #define HAVE_STRINGS_H 1
| #define HAVE_INTTYPES_H 1
| #define HAVE_STDINT_H 1
| #define HAVE_UNISTD_H 1
| #define HAVE__BOOL 1
| #define HAVE_STDBOOL_H 1
| #define HAVE_STRINGS_H 1
| #define HAVE_DLFCN_H 1
| #define LT_OBJDIR ".libs/"
| /* end confdefs.h.  */
| 
| #include <unistd.h>
| #include <sys/syscall.h>
| int syscall () { return 0; }
| 
| int
| main ()
| {
| 
|   ;
|   return 0;
| }
configure:17418: result: yes
configure:17459: checking for snprintf
configure:17459: gcc -o conftest    conftest.c  >&5
conftest.c:48:6: warning: incompatible redeclaration of library function 'snprintf' [-Wincompatible-library-redeclaration]
char snprintf ();
     ^
conftest.c:48:6: note: 'snprintf' is a builtin with type 'int (char *, unsigned long, const char *, ...)'
1 warning generated.
configure:17459: $? = 0
configure:17459: result: yes
configure:17469: checking for struct timespec
configure:17469: gcc -c   conftest.c >&5
configure:17469: $? = 0
configure:17469: gcc -c   conftest.c >&5
conftest.c:30:30: error: expected expression
if (sizeof ((struct timespec)))
                             ^
1 error generated.
configure:17469: $? = 1
configure: failed program was:
| /* confdefs.h */
| #define PACKAGE_NAME "libbson"
| #define PACKAGE_TARNAME "libbson"
| #define PACKAGE_VERSION "1.7.0"
| #define PACKAGE_STRING "libbson 1.7.0"
| #define PACKAGE_BUGREPORT "https://jira.mongodb.org/browse/CDRIVER"
| #define PACKAGE_URL ""
| #define HAVE_TYPEOF 1
| #define STDC_HEADERS 1
| #define HAVE_SYS_TYPES_H 1
| #define HAVE_SYS_STAT_H 1
| #define HAVE_STDLIB_H 1
| #define HAVE_STRING_H 1
| #define HAVE_MEMORY_H 1
| #define HAVE_STRINGS_H 1
| #define HAVE_INTTYPES_H 1
| #define HAVE_STDINT_H 1
| #define HAVE_UNISTD_H 1
| #define HAVE__BOOL 1
| #define HAVE_STDBOOL_H 1
| #define HAVE_STRINGS_H 1
| #define HAVE_DLFCN_H 1
| #define LT_OBJDIR ".libs/"
| /* end confdefs.h.  */
| #include <time.h>
| 
| int
| main ()
| {
| if (sizeof ((struct timespec)))
| 	    return 0;
|   ;
|   return 0;
| }
configure:17469: result: yes
configure:17480: checking for library containing clock_gettime
configure:17511: gcc -o conftest    conftest.c  >&5
configure:17511: $? = 0
configure:17528: result: none required
configure:17538: checking for library containing floor
configure:17569: gcc -o conftest    conftest.c  >&5
conftest.c:32:6: warning: incompatible redeclaration of library function 'floor' [-Wincompatible-library-redeclaration]
char floor ();
     ^
conftest.c:32:6: note: 'floor' is a builtin with type 'double (double)'
1 warning generated.
configure:17569: $? = 0
configure:17586: result: none required
configure:17598: checking for gmtime_r
configure:17598: gcc -o conftest    conftest.c  >&5
configure:17598: $? = 0
configure:17598: result: yes
configure:17722: checking if compiler needs -Werror to reject unknown flags
configure:17738: gcc -c  -Werror -Wunknown-warning-option -Wsizeof-array-argument  conftest.c >&5
configure:17738: $? = 0
configure:17739: result: yes
configure:17809: checking for the pthreads library -lpthreads
configure:17847: gcc -o conftest   -Werror   conftest.c -lpthreads  >&5
ld: library not found for -lpthreads
clang: error: linker command failed with exit code 1 (use -v to see invocation)
configure:17847: $? = 1
configure: failed program was:
| /* confdefs.h */
| #define PACKAGE_NAME "libbson"
| #define PACKAGE_TARNAME "libbson"
| #define PACKAGE_VERSION "1.7.0"
| #define PACKAGE_STRING "libbson 1.7.0"
| #define PACKAGE_BUGREPORT "https://jira.mongodb.org/browse/CDRIVER"
| #define PACKAGE_URL ""
| #define HAVE_TYPEOF 1
| #define STDC_HEADERS 1
| #define HAVE_SYS_TYPES_H 1
| #define HAVE_SYS_STAT_H 1
| #define HAVE_STDLIB_H 1
| #define HAVE_STRING_H 1
| #define HAVE_MEMORY_H 1
| #define HAVE_STRINGS_H 1
| #define HAVE_INTTYPES_H 1
| #define HAVE_STDINT_H 1
| #define HAVE_UNISTD_H 1
| #define HAVE__BOOL 1
| #define HAVE_STDBOOL_H 1
| #define HAVE_STRINGS_H 1
| #define HAVE_DLFCN_H 1
| #define LT_OBJDIR ".libs/"
| /* end confdefs.h.  */
| #include <pthread.h>
|                         static void routine(void *a) { a = 0; }
|                         static void *start_routine(void *a) { return a; }
| int
| main ()
| {
| pthread_t th; pthread_attr_t attr;
|                         pthread_create(&th, 0, start_routine, 0);
|                         pthread_join(th, 0);
|                         pthread_attr_init(&attr);
|                         pthread_cleanup_push(routine, 0);
|                         pthread_cleanup_pop(0) /* ; */
|   ;
|   return 0;
| }
configure:17856: result: no
configure:17754: checking whether pthreads work without any flags
configure:17847: gcc -o conftest   -Werror   conftest.c   >&5
configure:17847: $? = 0
configure:17856: result: yes
configure:17875: checking for joinable pthread attribute
configure:17890: gcc -o conftest     conftest.c   >&5
configure:17890: $? = 0
configure:17896: result: PTHREAD_CREATE_JOINABLE
configure:17906: checking if more special flags are required for pthreads
configure:17921: result: -D_THREAD_SAFE
configure:17927: checking for PTHREAD_PRIO_INHERIT
configure:17944: gcc -o conftest     conftest.c   >&5
configure:17944: $? = 0
configure:17953: result: yes
configure:18067: checking whether PTHREAD_ONCE_INIT needs braces
configure:18084: gcc -c   conftest.c >&5
configure:18084: $? = 0
configure:18091: result: no
configure:18115: checking for __sync_add_and_fetch_4
configure:18128: gcc -o conftest    conftest.c  >&5
configure:18128: $? = 0
configure:18129: result: yes
configure:18147: checking for __sync_add_and_fetch_8
configure:18160: gcc -o conftest    conftest.c  >&5
configure:18160: $? = 0
configure:18161: result: yes
configure:18897: checking whether the linker accepts -Wl,-Bsymbolic
configure:18916: gcc -o conftest    -Werror  -Wl,-Bsymbolic conftest.c  >&5
ld: unknown option: -Bsymbolic
clang: error: linker command failed with exit code 1 (use -v to see invocation)
configure:18916: $? = 1
configure: failed program was:
| /* confdefs.h */
| #define PACKAGE_NAME "libbson"
| #define PACKAGE_TARNAME "libbson"
| #define PACKAGE_VERSION "1.7.0"
| #define PACKAGE_STRING "libbson 1.7.0"
| #define PACKAGE_BUGREPORT "https://jira.mongodb.org/browse/CDRIVER"
| #define PACKAGE_URL ""
| #define HAVE_TYPEOF 1
| #define STDC_HEADERS 1
| #define HAVE_SYS_TYPES_H 1
| #define HAVE_SYS_STAT_H 1
| #define HAVE_STDLIB_H 1
| #define HAVE_STRING_H 1
| #define HAVE_MEMORY_H 1
| #define HAVE_STRINGS_H 1
| #define HAVE_INTTYPES_H 1
| #define HAVE_STDINT_H 1
| #define HAVE_UNISTD_H 1
| #define HAVE__BOOL 1
| #define HAVE_STDBOOL_H 1
| #define HAVE_STRINGS_H 1
| #define HAVE_DLFCN_H 1
| #define LT_OBJDIR ".libs/"
| #define HAVE_PTHREAD_PRIO_INHERIT 1
| #define HAVE_PTHREAD 1
| /* end confdefs.h.  */
| 
| int
| main ()
| {
| 
|   ;
|   return 0;
| }
configure:18925: result: no
configure:19043: checking whether build environment is sane
configure:19098: result: yes
configure:19246: checking for a thread-safe mkdir -p
configure:19285: result: build/autotools/install-sh -c -d
configure:19288: checking whether make sets $(MAKE)
configure:19310: result: yes
configure:19340: checking for style of include used by make
configure:19368: result: GNU
configure:19402: checking whether make supports nested variables
configure:19419: result: yes
configure:19508: checking whether UID '501' is supported by ustar format
configure:19511: result: yes
configure:19518: checking whether GID '20' is supported by ustar format
configure:19521: result: yes
configure:19529: checking how to create a ustar tar archive
configure:19540: tar --version
bsdtar 2.8.3 - libarchive 2.8.3
configure:19543: $? = 0
configure:19583: tardir=conftest.dir && eval tar --format=ustar -chf - "$tardir" >conftest.tar
configure:19586: $? = 0
configure:19590: tar -xf - <conftest.tar
configure:19593: $? = 0
configure:19595: cat conftest.dir/file
GrepMe
configure:19598: $? = 0
configure:19611: result: gnutar
configure:19620: checking dependency style of gcc
configure:19731: result: gcc3
configure:19748: checking dependency style of g++
configure:19859: result: gcc3
configure:19928: checking whether make supports nested variables
configure:19945: result: yes
configure:20270: checking that generated files are newer than configure
configure:20276: result: done
configure:20367: creating ./config.status

## ---------------------- ##
## Running config.status. ##
## ---------------------- ##

This file was extended by libbson config.status 1.7.0, which was
generated by GNU Autoconf 2.69.  Invocation command line was

  CONFIG_FILES    = 
  CONFIG_HEADERS  = 
  CONFIG_LINKS    = 
  CONFIG_COMMANDS = 
  $ ./config.status 

on MacBook-Air-de-Emiliano-4.local

config.status:1155: creating Makefile
config.status:1155: creating src/libbson-1.0.pc
config.status:1155: creating src/libbson-static-1.0.pc
config.status:1155: creating build/cmake/libbson-1.0-config.cmake
config.status:1155: creating build/cmake/libbson-1.0-config-version.cmake
config.status:1155: creating build/cmake/libbson-static-1.0-config.cmake
config.status:1155: creating build/cmake/libbson-static-1.0-config-version.cmake
config.status:1155: creating src/bson/bson-config.h
config.status:1155: creating src/bson/bson-version.h
config.status:1327: executing libtool commands
config.status:1327: executing depfiles commands

## ---------------- ##
## Cache variables. ##
## ---------------- ##

ac_cv_build=x86_64-apple-darwin18.6.0
ac_cv_c_bigendian=no
ac_cv_c_compiler_gnu=yes
ac_cv_c_const=yes
ac_cv_c_inline=inline
ac_cv_c_typeof=typeof
ac_cv_cxx_compiler_gnu=yes
ac_cv_env_CCC_set=
ac_cv_env_CCC_value=
ac_cv_env_CC_set=
ac_cv_env_CC_value=
ac_cv_env_CFLAGS_set=
ac_cv_env_CFLAGS_value=
ac_cv_env_CPPFLAGS_set=
ac_cv_env_CPPFLAGS_value=
ac_cv_env_CPP_set=
ac_cv_env_CPP_value=
ac_cv_env_CXXCPP_set=
ac_cv_env_CXXCPP_value=
ac_cv_env_CXXFLAGS_set=
ac_cv_env_CXXFLAGS_value=
ac_cv_env_CXX_set=
ac_cv_env_CXX_value=
ac_cv_env_LDFLAGS_set=
ac_cv_env_LDFLAGS_value=
ac_cv_env_LIBS_set=
ac_cv_env_LIBS_value=
ac_cv_env_LT_SYS_LIBRARY_PATH_set=
ac_cv_env_LT_SYS_LIBRARY_PATH_value=
ac_cv_env_build_alias_set=
ac_cv_env_build_alias_value=
ac_cv_env_host_alias_set=
ac_cv_env_host_alias_value=
ac_cv_env_target_alias_set=
ac_cv_env_target_alias_value=
ac_cv_func_gmtime_r=yes
ac_cv_func_snprintf=yes
ac_cv_header_dlfcn_h=yes
ac_cv_header_inttypes_h=yes
ac_cv_header_memory_h=yes
ac_cv_header_stdbool_h=yes
ac_cv_header_stdc=yes
ac_cv_header_stdint=stdint.h
ac_cv_header_stdint_h=yes
ac_cv_header_stdint_o=no-file
ac_cv_header_stdint_test=no
ac_cv_header_stdint_u=no-file
ac_cv_header_stdint_x=stdint.h
ac_cv_header_stdlib_h=yes
ac_cv_header_string_h=yes
ac_cv_header_strings_h=yes
ac_cv_header_sys_stat_h=yes
ac_cv_header_sys_types_h=yes
ac_cv_header_unistd_h=yes
ac_cv_host=x86_64-apple-darwin18.6.0
ac_cv_objext=o
ac_cv_path_EGREP='/usr/bin/grep -E'
ac_cv_path_FGREP='/usr/bin/grep -F'
ac_cv_path_GREP=/usr/bin/grep
ac_cv_path_MV=/bin/mv
ac_cv_path_PERL=/usr/bin/perl
ac_cv_path_SED=/usr/local/bin/gsed
ac_cv_path_install='/usr/bin/install -c'
ac_cv_path_lt_DD=/bin/dd
ac_cv_prog_AWK=awk
ac_cv_prog_CPP='gcc -E'
ac_cv_prog_CXXCPP='g++ -E'
ac_cv_prog_ac_ct_AR=ar
ac_cv_prog_ac_ct_CC=gcc
ac_cv_prog_ac_ct_CXX=g++
ac_cv_prog_ac_ct_DLLTOOL=dlltool
ac_cv_prog_ac_ct_DSYMUTIL=dsymutil
ac_cv_prog_ac_ct_LIPO=lipo
ac_cv_prog_ac_ct_NMEDIT=nmedit
ac_cv_prog_ac_ct_OBJDUMP=objdump
ac_cv_prog_ac_ct_OTOOL=otool
ac_cv_prog_ac_ct_RANLIB=ranlib
ac_cv_prog_ac_ct_STRIP=strip
ac_cv_prog_cc_c89=
ac_cv_prog_cc_g=yes
ac_cv_prog_cxx_g=yes
ac_cv_prog_make_make_set=yes
ac_cv_search_clock_gettime='none required'
ac_cv_search_floor='none required'
ac_cv_sizeof_X=::::
ac_cv_sizeof_x=:
ac_cv_target=x86_64-apple-darwin18.6.0
ac_cv_type__Bool=yes
ac_cv_type_int_fast32_t=yes
ac_cv_type_int_least32_t=yes
ac_cv_type_struct_timespec=yes
ac_cv_type_uint64_t=yes
ac_cv_type_uintptr_t=yes
am_cv_CC_dependencies_compiler_type=gcc3
am_cv_CXX_dependencies_compiler_type=gcc3
am_cv_make_support_nested_variables=yes
am_cv_prog_cc_c_o=yes
am_cv_prog_tar_ustar=gnutar
ax_cv_PTHREAD_PRIO_INHERIT=yes
ax_cv_check_ldflags__Werror___Wl__Bsymbolic=no
bson_cv_have_reallocf=yes
bson_cv_have_strnlen=yes
bson_cv_have_syscall_tid=yes
bson_cv_need_braces_on_pthread_once_init=no
lt_cv_apple_cc_single_mod=yes
lt_cv_ar_at_file=no
lt_cv_deplibs_check_method=pass_all
lt_cv_file_magic_cmd='$MAGIC_CMD'
lt_cv_file_magic_test_file=
lt_cv_ld_exported_symbols_list=yes
lt_cv_ld_force_load=yes
lt_cv_ld_reload_flag=-r
lt_cv_nm_interface='BSD nm'
lt_cv_objdir=.libs
lt_cv_path_LD=/Library/Developer/CommandLineTools/usr/bin/ld
lt_cv_path_LDCXX=/Library/Developer/CommandLineTools/usr/bin/ld
lt_cv_path_NM='/usr/bin/nm -B'
lt_cv_path_mainfest_tool=no
lt_cv_prog_compiler_c_o=yes
lt_cv_prog_compiler_c_o_CXX=yes
lt_cv_prog_compiler_pic='-fno-common -DPIC'
lt_cv_prog_compiler_pic_CXX='-fno-common -DPIC'
lt_cv_prog_compiler_pic_works=yes
lt_cv_prog_compiler_pic_works_CXX=yes
lt_cv_prog_compiler_rtti_exceptions=yes
lt_cv_prog_compiler_static_works=no
lt_cv_prog_compiler_static_works_CXX=no
lt_cv_prog_gnu_ld=no
lt_cv_prog_gnu_ldcxx=no
lt_cv_sharedlib_from_linklib_cmd='printf %s\n'
lt_cv_sys_global_symbol_pipe='sed -n -e '\''s/^.*[	 ]\([BCDEGRST][BCDEGRST]*\)[	 ][	 ]*_\([_A-Za-z][_A-Za-z0-9]*\)$/\1 _\2 \2/p'\'' | sed '\''/ __gnu_lto/d'\'''
lt_cv_sys_global_symbol_to_c_name_address='sed -n -e '\''s/^: \(.*\) .*$/  {"\1", (void *) 0},/p'\'' -e '\''s/^[BCDEGRST][BCDEGRST]* .* \(.*\)$/  {"\1", (void *) \&\1},/p'\'''
lt_cv_sys_global_symbol_to_c_name_address_lib_prefix='sed -n -e '\''s/^: \(.*\) .*$/  {"\1", (void *) 0},/p'\'' -e '\''s/^[BCDEGRST][BCDEGRST]* .* \(lib.*\)$/  {"\1", (void *) \&\1},/p'\'' -e '\''s/^[BCDEGRST][BCDEGRST]* .* \(.*\)$/  {"lib\1", (void *) \&\1},/p'\'''
lt_cv_sys_global_symbol_to_cdecl='sed -n -e '\''s/^T .* \(.*\)$/extern int \1();/p'\'' -e '\''s/^[BCDEGRST][BCDEGRST]* .* \(.*\)$/extern char \1;/p'\'''
lt_cv_sys_global_symbol_to_import=
lt_cv_sys_max_cmd_len=196608
lt_cv_to_host_file_cmd=func_convert_file_noop
lt_cv_to_tool_file_cmd=func_convert_file_noop
lt_cv_truncate_bin='/bin/dd bs=4096 count=1'

## ----------------- ##
## Output variables. ##
## ----------------- ##

ACLOCAL='${SHELL} /Users/peredo/AMSS-Backend/libbson-1.7.0/build/autotools/missing aclocal-1.15'
ACLOCAL_AMFLAGS='-I build/autotools'
AMDEPBACKSLASH='\'
AMDEP_FALSE='#'
AMDEP_TRUE=''
AMTAR='$${TAR-tar}'
AM_BACKSLASH='\'
AM_DEFAULT_V='$(AM_DEFAULT_VERBOSITY)'
AM_DEFAULT_VERBOSITY='0'
AM_V='$(V)'
AR='ar'
AS='as'
AUTOCONF='${SHELL} /Users/peredo/AMSS-Backend/libbson-1.7.0/build/autotools/missing autoconf'
AUTOHEADER='${SHELL} /Users/peredo/AMSS-Backend/libbson-1.7.0/build/autotools/missing autoheader'
AUTOMAKE='${SHELL} /Users/peredo/AMSS-Backend/libbson-1.7.0/build/autotools/missing automake-1.15'
AWK='awk'
BSON_API_VERSION='1.0'
BSON_BYTE_ORDER='1234'
BSON_EXTRA_ALIGN='1'
BSON_HAVE_ATOMIC_32_ADD_AND_FETCH='1'
BSON_HAVE_ATOMIC_64_ADD_AND_FETCH='1'
BSON_HAVE_CLOCK_GETTIME='1'
BSON_HAVE_GMTIME_R='1'
BSON_HAVE_REALLOCF='1'
BSON_HAVE_SNPRINTF='1'
BSON_HAVE_STDBOOL_H='1'
BSON_HAVE_STRNLEN='1'
BSON_HAVE_SYSCALL_TID='0'
BSON_HAVE_TIMESPEC='1'
BSON_MAJOR_VERSION='1'
BSON_MICRO_VERSION='0'
BSON_MINOR_VERSION='7'
BSON_OS='1'
BSON_PRERELEASE_VERSION=''
BSON_PTHREAD_ONCE_INIT_NEEDS_BRACES='0'
BSON_RELEASED_MAJOR_VERSION='1'
BSON_RELEASED_MICRO_VERSION='0'
BSON_RELEASED_MINOR_VERSION='7'
BSON_RELEASED_PRERELEASE_VERSION=''
BSON_RELEASED_VERSION='1.7.0'
BSON_VERSION='1.7.0'
CC='gcc'
CCDEPMODE='depmode=gcc3'
CFLAGS=' -O2'
COMPILER_CLANG_FALSE=''
COMPILER_CLANG_TRUE='#'
COMPILER_GCC_FALSE=''
COMPILER_GCC_TRUE='#'
COVERAGE_CFLAGS=''
COVERAGE_LDFLAGS=''
CPP='gcc -E'
CPPFLAGS=''
CXX='g++'
CXXCPP='g++ -E'
CXXDEPMODE='depmode=gcc3'
CXXFLAGS=''
CYGPATH_W='echo'
DEFS='-DPACKAGE_NAME=\"libbson\" -DPACKAGE_TARNAME=\"libbson\" -DPACKAGE_VERSION=\"1.7.0\" -DPACKAGE_STRING=\"libbson\ 1.7.0\" -DPACKAGE_BUGREPORT=\"https://jira.mongodb.org/browse/CDRIVER\" -DPACKAGE_URL=\"\" -DHAVE_TYPEOF=1 -DSTDC_HEADERS=1 -DHAVE_SYS_TYPES_H=1 -DHAVE_SYS_STAT_H=1 -DHAVE_STDLIB_H=1 -DHAVE_STRING_H=1 -DHAVE_MEMORY_H=1 -DHAVE_STRINGS_H=1 -DHAVE_INTTYPES_H=1 -DHAVE_STDINT_H=1 -DHAVE_UNISTD_H=1 -DHAVE__BOOL=1 -DHAVE_STDBOOL_H=1 -DHAVE_STRINGS_H=1 -DHAVE_DLFCN_H=1 -DLT_OBJDIR=\".libs/\" -DHAVE_PTHREAD_PRIO_INHERIT=1 -DHAVE_PTHREAD=1 -DPACKAGE=\"libbson\" -DVERSION=\"1.7.0\"'
DEPDIR='.deps'
DLLTOOL='dlltool'
DSYMUTIL='dsymutil'
DUMPBIN=''
ECHO_C='\c'
ECHO_N=''
ECHO_T=''
EGREP='/usr/bin/grep -E'
ENABLE_DEBUG_FALSE=''
ENABLE_DEBUG_TRUE='#'
ENABLE_EXAMPLES_FALSE='#'
ENABLE_EXAMPLES_TRUE=''
ENABLE_HTML_DOCS_FALSE=''
ENABLE_HTML_DOCS_TRUE='#'
ENABLE_MAN_PAGES_FALSE=''
ENABLE_MAN_PAGES_TRUE='#'
ENABLE_PTHREADS_FALSE=''
ENABLE_PTHREADS_TRUE='#'
ENABLE_STATIC_FALSE=''
ENABLE_STATIC_TRUE='#'
ENABLE_STDBOOL_FALSE=''
ENABLE_STDBOOL_TRUE='#'
ENABLE_TESTS_FALSE='#'
ENABLE_TESTS_TRUE=''
EXEEXT=''
FGREP='/usr/bin/grep -F'
GREP='/usr/bin/grep'
INSTALL_DATA='${INSTALL} -m 644'
INSTALL_PROGRAM='${INSTALL}'
INSTALL_SCRIPT='${INSTALL}'
INSTALL_STRIP_PROGRAM='$(install_sh) -c -s'
LD='/Library/Developer/CommandLineTools/usr/bin/ld'
LDFLAGS=''
LIBBSON_LIBS='   -D_THREAD_SAFE '
LIBC_FEATURES='-D_BSD_SOURCE'
LIBOBJS=''
LIBS='   -D_THREAD_SAFE '
LIBTOOL='$(SHELL) $(top_builddir)/libtool'
LIPO='lipo'
LN_S='ln -s'
LTLIBOBJS=''
LT_SYS_LIBRARY_PATH=''
MAINTAINER_CFLAGS=''
MAKEINFO='${SHELL} /Users/peredo/AMSS-Backend/libbson-1.7.0/build/autotools/missing makeinfo'
MANIFEST_TOOL=':'
MKDIR_P='build/autotools/install-sh -c -d'
MV='/bin/mv'
NM='/usr/bin/nm -B'
NMEDIT='nmedit'
OBJDUMP='objdump'
OBJEXT='o'
OPTIMIZE_CFLAGS=''
OPTIMIZE_LDFLAGS=''
OS_DARWIN_FALSE='#'
OS_DARWIN_TRUE=''
OS_FREEBSD_FALSE=''
OS_FREEBSD_TRUE='#'
OS_GNU_FALSE=''
OS_GNU_TRUE='#'
OS_LINUX_FALSE=''
OS_LINUX_TRUE='#'
OS_UNIX_FALSE='#'
OS_UNIX_TRUE=''
OS_WIN32_FALSE=''
OS_WIN32_TRUE='#'
OTOOL64=':'
OTOOL='otool'
PACKAGE='libbson'
PACKAGE_BUGREPORT='https://jira.mongodb.org/browse/CDRIVER'
PACKAGE_NAME='libbson'
PACKAGE_STRING='libbson 1.7.0'
PACKAGE_TARNAME='libbson'
PACKAGE_URL=''
PACKAGE_VERSION='1.7.0'
PATH_SEPARATOR=':'
PERL='/usr/bin/perl'
PTHREAD_CC='gcc'
PTHREAD_CFLAGS='-D_THREAD_SAFE '
PTHREAD_LIBS=''
RANLIB='ranlib'
SED='/usr/local/bin/gsed'
SET_MAKE=''
SHELL='/bin/sh'
SOCKET_CFLAGS=''
SOCKET_LDFLAGS=''
SPHINX_BUILD=''
STRIP='strip'
VERSION='1.7.0'
ac_ct_AR='ar'
ac_ct_CC='gcc'
ac_ct_CXX='g++'
ac_ct_DUMPBIN=''
am__EXEEXT_FALSE=''
am__EXEEXT_TRUE='#'
am__fastdepCC_FALSE='#'
am__fastdepCC_TRUE=''
am__fastdepCXX_FALSE='#'
am__fastdepCXX_TRUE=''
am__include='include'
am__isrc=''
am__leading_dot='.'
am__nodep='_no'
am__quote=''
am__tar='tar --format=ustar -chf - "$$tardir"'
am__untar='tar -xf -'
ax_pthread_config=''
bindir='${exec_prefix}/bin'
build='x86_64-apple-darwin18.6.0'
build_alias=''
build_cpu='x86_64'
build_os='darwin18.6.0'
build_vendor='apple'
datadir='${datarootdir}'
datarootdir='${prefix}/share'
docdir='${datarootdir}/doc/${PACKAGE_TARNAME}'
dvidir='${docdir}'
exec_prefix='${prefix}'
host='x86_64-apple-darwin18.6.0'
host_alias=''
host_cpu='x86_64'
host_os='darwin18.6.0'
host_vendor='apple'
htmldir='${docdir}'
includedir='${prefix}/include'
infodir='${datarootdir}/info'
install_sh='${SHELL} /Users/peredo/AMSS-Backend/libbson-1.7.0/build/autotools/install-sh'
libdir='${exec_prefix}/lib'
libexecdir='${exec_prefix}/libexec'
localedir='${datarootdir}/locale'
localstatedir='${prefix}/var'
mandir='${datarootdir}/man'
mkdir_p='$(MKDIR_P)'
oldincludedir='/usr/include'
pdfdir='${docdir}'
prefix='/usr/local'
program_transform_name='s,x,x,'
psdir='${docdir}'
runstatedir='${localstatedir}/run'
sbindir='${exec_prefix}/sbin'
sharedstatedir='${prefix}/com'
sysconfdir='${prefix}/etc'
target='x86_64-apple-darwin18.6.0'
target_alias=''
target_cpu='x86_64'
target_os='darwin18.6.0'
target_vendor='apple'

## ----------- ##
## confdefs.h. ##
## ----------- ##

/* confdefs.h */
#define PACKAGE_NAME "libbson"
#define PACKAGE_TARNAME "libbson"
#define PACKAGE_VERSION "1.7.0"
#define PACKAGE_STRING "libbson 1.7.0"
#define PACKAGE_BUGREPORT "https://jira.mongodb.org/browse/CDRIVER"
#define PACKAGE_URL ""
#define HAVE_TYPEOF 1
#define STDC_HEADERS 1
#define HAVE_SYS_TYPES_H 1
#define HAVE_SYS_STAT_H 1
#define HAVE_STDLIB_H 1
#define HAVE_STRING_H 1
#define HAVE_MEMORY_H 1
#define HAVE_STRINGS_H 1
#define HAVE_INTTYPES_H 1
#define HAVE_STDINT_H 1
#define HAVE_UNISTD_H 1
#define HAVE__BOOL 1
#define HAVE_STDBOOL_H 1
#define HAVE_STRINGS_H 1
#define HAVE_DLFCN_H 1
#define LT_OBJDIR ".libs/"
#define HAVE_PTHREAD_PRIO_INHERIT 1
#define HAVE_PTHREAD 1
#define PACKAGE "libbson"
#define VERSION "1.7.0"

configure: exit 0
